gplink-1.4.0 #1107 (Nov 17 2015)
Copyright (c) 1998-2014 gputils project
Listing File Generated: 3-7-2016  22:49:32
 
 
Address  Value    Disassembly              Source
-------  -----    -----------              ------
                                           ;--------------------------------------------------------
                                           ; File Created by SDCC : free open source ANSI-C Compiler
                                           ; Version 3.5.0 #9253 (Nov 15 2015) (Linux)
                                           ; This file was generated Mon Mar  7 22:49:32 2016
                                           ;--------------------------------------------------------
                                           ; PIC16 port for the Microchip 16-bit core micros
                                           ;--------------------------------------------------------
                                           	list	p=18f4550
                                           	radix	dec
                                           	CONFIG	FOSC=HSPLL_HS
                                           	CONFIG	WDT=OFF
                                           	CONFIG	LVP=OFF
                                           	CONFIG	PBADEN=OFF
                                           	CONFIG	PLLDIV=5
                                           	CONFIG	USBDIV=1
                                           	CONFIG	CPUDIV=OSC1_PLL2
                                           	CONFIG	FCMEN=OFF
                                           	CONFIG	PWRT=ON
                                           	CONFIG	BOR=ON
                                           	CONFIG	VREGEN=ON
                                           	CONFIG	MCLRE=OFF
                                           	CONFIG	CCP2MX=ON
                                           	CONFIG	STVREN=ON
                                           	CONFIG	XINST=OFF
                                           
                                           
                                           ;--------------------------------------------------------
                                           ; public variables in this module
                                           ;--------------------------------------------------------
                                           	global	_TMR0_ini
                                           	global	_servo_active
                                           	global	_TMR0_isr
                                           	global	_RX_isr
                                           	global	_TX_isr
                                           	global	__putc
                                           	global	_puts
                                           	global	_getch
                                           	global	_setup_UART
                                           	global	_Mover
                                           	global	_pulse
                                           	global	_milisec
                                           	global	_tx_buf
                                           	global	_tx_next
                                           	global	_tx_send
                                           	global	_rx_buf
                                           	global	_rx_next
                                           	global	_rx_read
                                           	global	_high_ISR
                                           	global	_main
                                           
                                           ;--------------------------------------------------------
                                           ; extern variables in this module
                                           ;--------------------------------------------------------
                                           	extern	__gptrget1
                                           	extern	_SPPCFGbits
                                           	extern	_SPPEPSbits
                                           	extern	_SPPCONbits
                                           	extern	_UFRMLbits
                                           	extern	_UFRMHbits
                                           	extern	_UIRbits
                                           	extern	_UIEbits
                                           	extern	_UEIRbits
                                           	extern	_UEIEbits
                                           	extern	_USTATbits
                                           	extern	_UCONbits
                                           	extern	_UADDRbits
                                           	extern	_UCFGbits
                                           	extern	_UEP0bits
                                           	extern	_UEP1bits
                                           	extern	_UEP2bits
                                           	extern	_UEP3bits
                                           	extern	_UEP4bits
                                           	extern	_UEP5bits
                                           	extern	_UEP6bits
                                           	extern	_UEP7bits
                                           	extern	_UEP8bits
                                           	extern	_UEP9bits
                                           	extern	_UEP10bits
                                           	extern	_UEP11bits
                                           	extern	_UEP12bits
                                           	extern	_UEP13bits
                                           	extern	_UEP14bits
                                           	extern	_UEP15bits
                                           	extern	_PORTAbits
                                           	extern	_PORTBbits
                                           	extern	_PORTCbits
                                           	extern	_PORTDbits
                                           	extern	_PORTEbits
                                           	extern	_LATAbits
                                           	extern	_LATBbits
                                           	extern	_LATCbits
                                           	extern	_LATDbits
                                           	extern	_LATEbits
                                           	extern	_DDRAbits
                                           	extern	_TRISAbits
                                           	extern	_DDRBbits
                                           	extern	_TRISBbits
                                           	extern	_DDRCbits
                                           	extern	_TRISCbits
                                           	extern	_DDRDbits
                                           	extern	_TRISDbits
                                           	extern	_DDREbits
                                           	extern	_TRISEbits
                                           	extern	_OSCTUNEbits
                                           	extern	_PIE1bits
                                           	extern	_PIR1bits
                                           	extern	_IPR1bits
                                           	extern	_PIE2bits
                                           	extern	_PIR2bits
                                           	extern	_IPR2bits
                                           	extern	_EECON1bits
                                           	extern	_RCSTAbits
                                           	extern	_TXSTAbits
                                           	extern	_T3CONbits
                                           	extern	_CMCONbits
                                           	extern	_CVRCONbits
                                           	extern	_CCP1ASbits
                                           	extern	_ECCP1ASbits
                                           	extern	_CCP1DELbits
                                           	extern	_ECCP1DELbits
                                           	extern	_BAUDCONbits
                                           	extern	_BAUDCTLbits
                                           	extern	_CCP2CONbits
                                           	extern	_CCP1CONbits
                                           	extern	_ECCP1CONbits
                                           	extern	_ADCON2bits
                                           	extern	_ADCON1bits
                                           	extern	_ADCON0bits
                                           	extern	_SSPCON2bits
                                           	extern	_SSPCON1bits
                                           	extern	_SSPSTATbits
                                           	extern	_T2CONbits
                                           	extern	_T1CONbits
                                           	extern	_RCONbits
                                           	extern	_WDTCONbits
                                           	extern	_HLVDCONbits
                                           	extern	_LVDCONbits
                                           	extern	_OSCCONbits
                                           	extern	_T0CONbits
                                           	extern	_STATUSbits
                                           	extern	_INTCON3bits
                                           	extern	_INTCON2bits
                                           	extern	_INTCONbits
                                           	extern	_STKPTRbits
                                           	extern	_SPPDATA
                                           	extern	_SPPCFG
                                           	extern	_SPPEPS
                                           	extern	_SPPCON
                                           	extern	_UFRM
                                           	extern	_UFRML
                                           	extern	_UFRMH
                                           	extern	_UIR
                                           	extern	_UIE
                                           	extern	_UEIR
                                           	extern	_UEIE
                                           	extern	_USTAT
                                           	extern	_UCON
                                           	extern	_UADDR
                                           	extern	_UCFG
                                           	extern	_UEP0
                                           	extern	_UEP1
                                           	extern	_UEP2
                                           	extern	_UEP3
                                           	extern	_UEP4
                                           	extern	_UEP5
                                           	extern	_UEP6
                                           	extern	_UEP7
                                           	extern	_UEP8
                                           	extern	_UEP9
                                           	extern	_UEP10
                                           	extern	_UEP11
                                           	extern	_UEP12
                                           	extern	_UEP13
                                           	extern	_UEP14
                                           	extern	_UEP15
                                           	extern	_PORTA
                                           	extern	_PORTB
                                           	extern	_PORTC
                                           	extern	_PORTD
                                           	extern	_PORTE
                                           	extern	_LATA
                                           	extern	_LATB
                                           	extern	_LATC
                                           	extern	_LATD
                                           	extern	_LATE
                                           	extern	_DDRA
                                           	extern	_TRISA
                                           	extern	_DDRB
                                           	extern	_TRISB
                                           	extern	_DDRC
                                           	extern	_TRISC
                                           	extern	_DDRD
                                           	extern	_TRISD
                                           	extern	_DDRE
                                           	extern	_TRISE
                                           	extern	_OSCTUNE
                                           	extern	_PIE1
                                           	extern	_PIR1
                                           	extern	_IPR1
                                           	extern	_PIE2
                                           	extern	_PIR2
                                           	extern	_IPR2
                                           	extern	_EECON1
                                           	extern	_EECON2
                                           	extern	_EEDATA
                                           	extern	_EEADR
                                           	extern	_RCSTA
                                           	extern	_TXSTA
                                           	extern	_TXREG
                                           	extern	_RCREG
                                           	extern	_SPBRG
                                           	extern	_SPBRGH
                                           	extern	_T3CON
                                           	extern	_TMR3
                                           	extern	_TMR3L
                                           	extern	_TMR3H
                                           	extern	_CMCON
                                           	extern	_CVRCON
                                           	extern	_CCP1AS
                                           	extern	_ECCP1AS
                                           	extern	_CCP1DEL
                                           	extern	_ECCP1DEL
                                           	extern	_BAUDCON
                                           	extern	_BAUDCTL
                                           	extern	_CCP2CON
                                           	extern	_CCPR2
                                           	extern	_CCPR2L
                                           	extern	_CCPR2H
                                           	extern	_CCP1CON
                                           	extern	_ECCP1CON
                                           	extern	_CCPR1
                                           	extern	_CCPR1L
                                           	extern	_CCPR1H
                                           	extern	_ADCON2
                                           	extern	_ADCON1
                                           	extern	_ADCON0
                                           	extern	_ADRES
                                           	extern	_ADRESL
                                           	extern	_ADRESH
                                           	extern	_SSPCON2
                                           	extern	_SSPCON1
                                           	extern	_SSPSTAT
                                           	extern	_SSPADD
                                           	extern	_SSPBUF
                                           	extern	_T2CON
                                           	extern	_PR2
                                           	extern	_TMR2
                                           	extern	_T1CON
                                           	extern	_TMR1
                                           	extern	_TMR1L
                                           	extern	_TMR1H
                                           	extern	_RCON
                                           	extern	_WDTCON
                                           	extern	_HLVDCON
                                           	extern	_LVDCON
                                           	extern	_OSCCON
                                           	extern	_T0CON
                                           	extern	_TMR0
                                           	extern	_TMR0L
                                           	extern	_TMR0H
                                           	extern	_STATUS
                                           	extern	_FSR2L
                                           	extern	_FSR2H
                                           	extern	_PLUSW2
                                           	extern	_PREINC2
                                           	extern	_POSTDEC2
                                           	extern	_POSTINC2
                                           	extern	_INDF2
                                           	extern	_BSR
                                           	extern	_FSR1L
                                           	extern	_FSR1H
                                           	extern	_PLUSW1
                                           	extern	_PREINC1
                                           	extern	_POSTDEC1
                                           	extern	_POSTINC1
                                           	extern	_INDF1
                                           	extern	_WREG
                                           	extern	_FSR0L
                                           	extern	_FSR0H
                                           	extern	_PLUSW0
                                           	extern	_PREINC0
                                           	extern	_POSTDEC0
                                           	extern	_POSTINC0
                                           	extern	_INDF0
                                           	extern	_INTCON3
                                           	extern	_INTCON2
                                           	extern	_INTCON
                                           	extern	_PROD
                                           	extern	_PRODL
                                           	extern	_PRODH
                                           	extern	_TABLAT
                                           	extern	_TBLPTR
                                           	extern	_TBLPTRL
                                           	extern	_TBLPTRH
                                           	extern	_TBLPTRU
                                           	extern	_PC
                                           	extern	_PCL
                                           	extern	_PCLATH
                                           	extern	_PCLATU
                                           	extern	_STKPTR
                                           	extern	_TOS
                                           	extern	_TOSL
                                           	extern	_TOSH
                                           	extern	_TOSU
                                           	extern	__mulint
                                           
                                           ;--------------------------------------------------------
                                           ;	Equates to used internal registers
                                           ;--------------------------------------------------------
                                           STATUS	equ	0xfd8
                                           PCLATH	equ	0xffa
                                           PCLATU	equ	0xffb
                                           WREG	equ	0xfe8
                                           BSR	equ	0xfe0
                                           FSR0L	equ	0xfe9
                                           FSR0H	equ	0xfea
                                           FSR1L	equ	0xfe1
                                           FSR2L	equ	0xfd9
                                           INDF0	equ	0xfef
                                           POSTINC0	equ	0xfee
                                           POSTINC1	equ	0xfe6
                                           POSTDEC1	equ	0xfe5
                                           PREINC1	equ	0xfe4
                                           PLUSW2	equ	0xfdb
                                           PRODL	equ	0xff3
                                           PRODH	equ	0xff4
                                           
                                           
                                           	idata
                                           _servo_active	db	0x00, 0x00
                                           _pulse	db	0xe8, 0x03, 0xe2, 0x04, 0xdc, 0x05, 0xd6, 0x06, 0xd0, 0x07
                                           _milisec	db	0x00, 0x00
                                           _tx_next	db	0x00, 0x00
                                           _tx_send	db	0x00, 0x00
                                           _rx_next	db	0x00, 0x00
                                           _rx_read	db	0x00, 0x00
                                           
                                           
                                           ; Internal registers
                                           .registers	udata_ovr	0x0000
                                           r0x00	res	1
                                           r0x01	res	1
                                           r0x02	res	1
                                           r0x03	res	1
                                           r0x04	res	1
                                           r0x05	res	1
                                           r0x06	res	1
                                           r0x07	res	1
                                           
                                           udata_main_0	udata
                                           _TMR0_ini	res	2
                                           
                                           udata_main_1	udata
                                           _rx_buf	res	256
                                           
                                           udata_main_2	udata
                                           _tx_buf	res	256
                                           
                                           ;--------------------------------------------------------
                                           ; interrupt vector
                                           ;--------------------------------------------------------
                                           
                                           ;--------------------------------------------------------
                                           ; global & static initialisations
                                           ;--------------------------------------------------------
                                           ; ; Starting pCode block for absolute section
                                           ; ;-----------------------------------------
                                           S_main_ivec_0x1_high_ISR	code	0X000008
                                           ivec_0x1_high_ISR:
000008   ef5d     goto    0x0006ba         	GOTO	_high_ISR
00000a   f003
                                           
                                           ; I code from now on!
                                           ; ; Starting pCode block
                                           S_main__main	code
                                           _main:
                                           ;	.line	334; main.c	T0CON = 0b00001000;
000736   0e08     movlw   0x08             	MOVLW	0x08
000738   6ed5     movwf   0xd5, 0x0        	MOVWF	_T0CON
                                           ;	.line	335; main.c	enable_global_ints;
00073a   8ef2     bsf     0xf2, 0x7, 0x0   	BSF	_INTCONbits, 7
                                           ;	.line	337; main.c	enable_TMR0_int;
00073c   8af2     bsf     0xf2, 0x5, 0x0   	BSF	_INTCONbits, 5
                                           ;	.line	338; main.c	start_TMR0;
00073e   8ed5     bsf     0xd5, 0x7, 0x0   	BSF	_T0CONbits, 7
                                           ;	.line	342; main.c	TRISA = 0;
000740   6a92     clrf    0x92, 0x0        	CLRF	_TRISA
                                           ;	.line	343; main.c	PORTA = 0;	
000742   6a80     clrf    0x80, 0x0        	CLRF	_PORTA
                                           ;	.line	344; main.c	TRISB = 0;
000744   6a93     clrf    0x93, 0x0        	CLRF	_TRISB
                                           ;	.line	345; main.c	PORTB = 0;
000746   6a81     clrf    0x81, 0x0        	CLRF	_PORTB
                                           ;	.line	346; main.c	TRISC = 0;
000748   6a94     clrf    0x94, 0x0        	CLRF	_TRISC
                                           ;	.line	347; main.c	PORTC = 0;
00074a   6a82     clrf    0x82, 0x0        	CLRF	_PORTC
                                           ;	.line	348; main.c	TRISD = 0;
00074c   6a95     clrf    0x95, 0x0        	CLRF	_TRISD
                                           ;	.line	349; main.c	PORTD = 0;
00074e   6a83     clrf    0x83, 0x0        	CLRF	_PORTD
                                           _00296_DS_:
                                           ;	.line	363; main.c	while (1)
000750   d7ff     bra     0x000750         	BRA	_00296_DS_
000752   0012     return  0x0              	RETURN	
                                           
                                           ; ; Starting pCode block
                                           S_main__Mover	code
                                           _Mover:
                                           ;	.line	239; main.c	void Mover (void)
00000c   cfd9     movff   0xfd9, 0xfe5     	MOVFF	FSR2L, POSTDEC1
00000e   ffe5
000010   cfe1     movff   0xfe1, 0xfd9     	MOVFF	FSR1L, FSR2L
000012   ffd9
000014   c000     movff   0x000, 0xfe5     	MOVFF	r0x00, POSTDEC1
000016   ffe5
000018   c001     movff   0x001, 0xfe5     	MOVFF	r0x01, POSTDEC1
00001a   ffe5
00001c   c002     movff   0x002, 0xfe5     	MOVFF	r0x02, POSTDEC1
00001e   ffe5
                                           ;	.line	241; main.c	char ch = getch ();
000020   ec27     call    0x00064e, 0x0call    0x00064e, 0x0 	CALL	_getch
000022   f003
000024   6e00     movwf   0x00, 0x0        	MOVWF	r0x00
                                           ;	.line	242; main.c	if (ch == 'a' || ch == 'c' || ch == 'e' || ch == 'g' || ch == 'i')
000026   6a01     clrf    0x01, 0x0        	CLRF	r0x01
000028   5000     movf    0x00, 0x0, 0x0   	MOVF	r0x00, W
00002a   0a61     xorlw   0x61             	XORLW	0x61
00002c   e101     bnz     0x000030         	BNZ	_00256_DS_
00002e   2a01     incf    0x01, 0x1, 0x0   	INCF	r0x01, F
                                           _00256_DS_:
000030   5001     movf    0x01, 0x0, 0x0   	MOVF	r0x01, W
000032   e10d     bnz     0x00004e         	BNZ	_00177_DS_
000034   5000     movf    0x00, 0x0, 0x0   	MOVF	r0x00, W
000036   0a63     xorlw   0x63             	XORLW	0x63
000038   e00a     bz      0x00004e         	BZ	_00177_DS_
00003a   5000     movf    0x00, 0x0, 0x0   	MOVF	r0x00, W
00003c   0a65     xorlw   0x65             	XORLW	0x65
00003e   e007     bz      0x00004e         	BZ	_00177_DS_
000040   5000     movf    0x00, 0x0, 0x0   	MOVF	r0x00, W
000042   0a67     xorlw   0x67             	XORLW	0x67
000044   e004     bz      0x00004e         	BZ	_00177_DS_
000046   5000     movf    0x00, 0x0, 0x0   	MOVF	r0x00, W
000048   0a69     xorlw   0x69             	XORLW	0x69
00004a   e001     bz      0x00004e         	BZ	_00177_DS_
00004c   d054     bra     0x0000f6         	BRA	_00178_DS_
                                           _00177_DS_:
                                           ;	.line	245; main.c	if (ch == 'a')
00004e   5001     movf    0x01, 0x0, 0x0   	MOVF	r0x01, W
000050   e00e     bz      0x00006e         	BZ	_00168_DS_
000052   0100     movlb   0x0              	BANKSEL	_pulse
                                           ;	.line	249; main.c	pulse[0]-=20;
000054   5162     movf    0x62, 0x0, 0x1   	MOVF	_pulse, W, B
000056   0fec     addlw   0xec             	ADDLW	0xec
000058   6e01     movwf   0x01, 0x0        	MOVWF	r0x01
00005a   0eff     movlw   0xff             	MOVLW	0xff
00005c   0100     movlb   0x0              	BANKSEL	(_pulse + 1)
00005e   2163     addwfc  0x63, 0x0, 0x1   	ADDWFC	(_pulse + 1), W, B
000060   6e02     movwf   0x02, 0x0        	MOVWF	r0x02
000062   5001     movf    0x01, 0x0, 0x0   	MOVF	r0x01, W
000064   0100     movlb   0x0              	BANKSEL	_pulse
000066   6f62     movwf   0x62, 0x1        	MOVWF	_pulse, B
000068   5002     movf    0x02, 0x0, 0x0   	MOVF	r0x02, W
00006a   0100     movlb   0x0              	BANKSEL	(_pulse + 1)
00006c   6f63     movwf   0x63, 0x1        	MOVWF	(_pulse + 1), B
                                           _00168_DS_:
                                           ;	.line	253; main.c	if (ch == 'c')
00006e   5000     movf    0x00, 0x0, 0x0   	MOVF	r0x00, W
000070   0a63     xorlw   0x63             	XORLW	0x63
000072   e10e     bnz     0x000090         	BNZ	_00170_DS_
                                           _00266_DS_:
000074   0100     movlb   0x0              	BANKSEL	(_pulse + 2)
                                           ;	.line	257; main.c	pulse[1]-=20;
000076   5164     movf    0x64, 0x0, 0x1   	MOVF	(_pulse + 2), W, B
000078   0fec     addlw   0xec             	ADDLW	0xec
00007a   6e01     movwf   0x01, 0x0        	MOVWF	r0x01
00007c   0eff     movlw   0xff             	MOVLW	0xff
00007e   0100     movlb   0x0              	BANKSEL	(_pulse + 3)
000080   2165     addwfc  0x65, 0x0, 0x1   	ADDWFC	(_pulse + 3), W, B
000082   6e02     movwf   0x02, 0x0        	MOVWF	r0x02
000084   5001     movf    0x01, 0x0, 0x0   	MOVF	r0x01, W
000086   0100     movlb   0x0              	BANKSEL	(_pulse + 2)
000088   6f64     movwf   0x64, 0x1        	MOVWF	(_pulse + 2), B
00008a   5002     movf    0x02, 0x0, 0x0   	MOVF	r0x02, W
00008c   0100     movlb   0x0              	BANKSEL	(_pulse + 3)
00008e   6f65     movwf   0x65, 0x1        	MOVWF	(_pulse + 3), B
                                           _00170_DS_:
                                           ;	.line	261; main.c	if (ch == 'e')
000090   5000     movf    0x00, 0x0, 0x0   	MOVF	r0x00, W
000092   0a65     xorlw   0x65             	XORLW	0x65
000094   e10e     bnz     0x0000b2         	BNZ	_00172_DS_
                                           _00268_DS_:
000096   0100     movlb   0x0              	BANKSEL	(_pulse + 4)
                                           ;	.line	265; main.c	pulse[2]-=20;
000098   5166     movf    0x66, 0x0, 0x1   	MOVF	(_pulse + 4), W, B
00009a   0fec     addlw   0xec             	ADDLW	0xec
00009c   6e01     movwf   0x01, 0x0        	MOVWF	r0x01
00009e   0eff     movlw   0xff             	MOVLW	0xff
0000a0   0100     movlb   0x0              	BANKSEL	(_pulse + 5)
0000a2   2167     addwfc  0x67, 0x0, 0x1   	ADDWFC	(_pulse + 5), W, B
0000a4   6e02     movwf   0x02, 0x0        	MOVWF	r0x02
0000a6   5001     movf    0x01, 0x0, 0x0   	MOVF	r0x01, W
0000a8   0100     movlb   0x0              	BANKSEL	(_pulse + 4)
0000aa   6f66     movwf   0x66, 0x1        	MOVWF	(_pulse + 4), B
0000ac   5002     movf    0x02, 0x0, 0x0   	MOVF	r0x02, W
0000ae   0100     movlb   0x0              	BANKSEL	(_pulse + 5)
0000b0   6f67     movwf   0x67, 0x1        	MOVWF	(_pulse + 5), B
                                           _00172_DS_:
                                           ;	.line	269; main.c	if (ch == 'g')
0000b2   5000     movf    0x00, 0x0, 0x0   	MOVF	r0x00, W
0000b4   0a67     xorlw   0x67             	XORLW	0x67
0000b6   e10e     bnz     0x0000d4         	BNZ	_00174_DS_
                                           _00270_DS_:
0000b8   0100     movlb   0x0              	BANKSEL	(_pulse + 6)
                                           ;	.line	273; main.c	pulse[3]-=20;
0000ba   5168     movf    0x68, 0x0, 0x1   	MOVF	(_pulse + 6), W, B
0000bc   0fec     addlw   0xec             	ADDLW	0xec
0000be   6e01     movwf   0x01, 0x0        	MOVWF	r0x01
0000c0   0eff     movlw   0xff             	MOVLW	0xff
0000c2   0100     movlb   0x0              	BANKSEL	(_pulse + 7)
0000c4   2169     addwfc  0x69, 0x0, 0x1   	ADDWFC	(_pulse + 7), W, B
0000c6   6e02     movwf   0x02, 0x0        	MOVWF	r0x02
0000c8   5001     movf    0x01, 0x0, 0x0   	MOVF	r0x01, W
0000ca   0100     movlb   0x0              	BANKSEL	(_pulse + 6)
0000cc   6f68     movwf   0x68, 0x1        	MOVWF	(_pulse + 6), B
0000ce   5002     movf    0x02, 0x0, 0x0   	MOVF	r0x02, W
0000d0   0100     movlb   0x0              	BANKSEL	(_pulse + 7)
0000d2   6f69     movwf   0x69, 0x1        	MOVWF	(_pulse + 7), B
                                           _00174_DS_:
                                           ;	.line	277; main.c	if (ch == 'i')
0000d4   5000     movf    0x00, 0x0, 0x0   	MOVF	r0x00, W
0000d6   0a69     xorlw   0x69             	XORLW	0x69
0000d8   e10e     bnz     0x0000f6         	BNZ	_00178_DS_
                                           _00272_DS_:
0000da   0100     movlb   0x0              	BANKSEL	(_pulse + 8)
                                           ;	.line	281; main.c	pulse[4]-=20;
0000dc   516a     movf    0x6a, 0x0, 0x1   	MOVF	(_pulse + 8), W, B
0000de   0fec     addlw   0xec             	ADDLW	0xec
0000e0   6e01     movwf   0x01, 0x0        	MOVWF	r0x01
0000e2   0eff     movlw   0xff             	MOVLW	0xff
0000e4   0100     movlb   0x0              	BANKSEL	(_pulse + 9)
0000e6   216b     addwfc  0x6b, 0x0, 0x1   	ADDWFC	(_pulse + 9), W, B
0000e8   6e02     movwf   0x02, 0x0        	MOVWF	r0x02
0000ea   5001     movf    0x01, 0x0, 0x0   	MOVF	r0x01, W
0000ec   0100     movlb   0x0              	BANKSEL	(_pulse + 8)
0000ee   6f6a     movwf   0x6a, 0x1        	MOVWF	(_pulse + 8), B
0000f0   5002     movf    0x02, 0x0, 0x0   	MOVF	r0x02, W
0000f2   0100     movlb   0x0              	BANKSEL	(_pulse + 9)
0000f4   6f6b     movwf   0x6b, 0x1        	MOVWF	(_pulse + 9), B
                                           _00178_DS_:
                                           ;	.line	286; main.c	if (ch == 'b' || ch == 'd' || ch == 'f' || ch == 'h' || ch == 'j')
0000f6   6a01     clrf    0x01, 0x0        	CLRF	r0x01
0000f8   5000     movf    0x00, 0x0, 0x0   	MOVF	r0x00, W
0000fa   0a62     xorlw   0x62             	XORLW	0x62
0000fc   e101     bnz     0x000100         	BNZ	_00274_DS_
0000fe   2a01     incf    0x01, 0x1, 0x0   	INCF	r0x01, F
                                           _00274_DS_:
000100   5001     movf    0x01, 0x0, 0x0   	MOVF	r0x01, W
000102   e10d     bnz     0x00011e         	BNZ	_00193_DS_
000104   5000     movf    0x00, 0x0, 0x0   	MOVF	r0x00, W
000106   0a64     xorlw   0x64             	XORLW	0x64
000108   e00a     bz      0x00011e         	BZ	_00193_DS_
00010a   5000     movf    0x00, 0x0, 0x0   	MOVF	r0x00, W
00010c   0a66     xorlw   0x66             	XORLW	0x66
00010e   e007     bz      0x00011e         	BZ	_00193_DS_
000110   5000     movf    0x00, 0x0, 0x0   	MOVF	r0x00, W
000112   0a68     xorlw   0x68             	XORLW	0x68
000114   e004     bz      0x00011e         	BZ	_00193_DS_
000116   5000     movf    0x00, 0x0, 0x0   	MOVF	r0x00, W
000118   0a6a     xorlw   0x6a             	XORLW	0x6a
00011a   e001     bz      0x00011e         	BZ	_00193_DS_
00011c   d054     bra     0x0001c6         	BRA	_00199_DS_
                                           _00193_DS_:
                                           ;	.line	288; main.c	if (ch == 'b')
00011e   5001     movf    0x01, 0x0, 0x0   	MOVF	r0x01, W
000120   e00e     bz      0x00013e         	BZ	_00184_DS_
000122   0100     movlb   0x0              	BANKSEL	_pulse
                                           ;	.line	292; main.c	pulse[0]+=20;
000124   5162     movf    0x62, 0x0, 0x1   	MOVF	_pulse, W, B
000126   0f14     addlw   0x14             	ADDLW	0x14
000128   6e01     movwf   0x01, 0x0        	MOVWF	r0x01
00012a   0e00     movlw   0x00             	MOVLW	0x00
00012c   0100     movlb   0x0              	BANKSEL	(_pulse + 1)
00012e   2163     addwfc  0x63, 0x0, 0x1   	ADDWFC	(_pulse + 1), W, B
000130   6e02     movwf   0x02, 0x0        	MOVWF	r0x02
000132   5001     movf    0x01, 0x0, 0x0   	MOVF	r0x01, W
000134   0100     movlb   0x0              	BANKSEL	_pulse
000136   6f62     movwf   0x62, 0x1        	MOVWF	_pulse, B
000138   5002     movf    0x02, 0x0, 0x0   	MOVF	r0x02, W
00013a   0100     movlb   0x0              	BANKSEL	(_pulse + 1)
00013c   6f63     movwf   0x63, 0x1        	MOVWF	(_pulse + 1), B
                                           _00184_DS_:
                                           ;	.line	296; main.c	if (ch == 'd')
00013e   5000     movf    0x00, 0x0, 0x0   	MOVF	r0x00, W
000140   0a64     xorlw   0x64             	XORLW	0x64
000142   e10e     bnz     0x000160         	BNZ	_00186_DS_
                                           _00284_DS_:
000144   0100     movlb   0x0              	BANKSEL	(_pulse + 2)
                                           ;	.line	300; main.c	pulse[1]+=20;
000146   5164     movf    0x64, 0x0, 0x1   	MOVF	(_pulse + 2), W, B
000148   0f14     addlw   0x14             	ADDLW	0x14
00014a   6e01     movwf   0x01, 0x0        	MOVWF	r0x01
00014c   0e00     movlw   0x00             	MOVLW	0x00
00014e   0100     movlb   0x0              	BANKSEL	(_pulse + 3)
000150   2165     addwfc  0x65, 0x0, 0x1   	ADDWFC	(_pulse + 3), W, B
000152   6e02     movwf   0x02, 0x0        	MOVWF	r0x02
000154   5001     movf    0x01, 0x0, 0x0   	MOVF	r0x01, W
000156   0100     movlb   0x0              	BANKSEL	(_pulse + 2)
000158   6f64     movwf   0x64, 0x1        	MOVWF	(_pulse + 2), B
00015a   5002     movf    0x02, 0x0, 0x0   	MOVF	r0x02, W
00015c   0100     movlb   0x0              	BANKSEL	(_pulse + 3)
00015e   6f65     movwf   0x65, 0x1        	MOVWF	(_pulse + 3), B
                                           _00186_DS_:
                                           ;	.line	304; main.c	if (ch == 'f')
000160   5000     movf    0x00, 0x0, 0x0   	MOVF	r0x00, W
000162   0a66     xorlw   0x66             	XORLW	0x66
000164   e10e     bnz     0x000182         	BNZ	_00188_DS_
                                           _00286_DS_:
000166   0100     movlb   0x0              	BANKSEL	(_pulse + 4)
                                           ;	.line	308; main.c	pulse[2]+=20;
000168   5166     movf    0x66, 0x0, 0x1   	MOVF	(_pulse + 4), W, B
00016a   0f14     addlw   0x14             	ADDLW	0x14
00016c   6e01     movwf   0x01, 0x0        	MOVWF	r0x01
00016e   0e00     movlw   0x00             	MOVLW	0x00
000170   0100     movlb   0x0              	BANKSEL	(_pulse + 5)
000172   2167     addwfc  0x67, 0x0, 0x1   	ADDWFC	(_pulse + 5), W, B
000174   6e02     movwf   0x02, 0x0        	MOVWF	r0x02
000176   5001     movf    0x01, 0x0, 0x0   	MOVF	r0x01, W
000178   0100     movlb   0x0              	BANKSEL	(_pulse + 4)
00017a   6f66     movwf   0x66, 0x1        	MOVWF	(_pulse + 4), B
00017c   5002     movf    0x02, 0x0, 0x0   	MOVF	r0x02, W
00017e   0100     movlb   0x0              	BANKSEL	(_pulse + 5)
000180   6f67     movwf   0x67, 0x1        	MOVWF	(_pulse + 5), B
                                           _00188_DS_:
                                           ;	.line	312; main.c	if (ch == 'h')
000182   5000     movf    0x00, 0x0, 0x0   	MOVF	r0x00, W
000184   0a68     xorlw   0x68             	XORLW	0x68
000186   e10e     bnz     0x0001a4         	BNZ	_00190_DS_
                                           _00288_DS_:
000188   0100     movlb   0x0              	BANKSEL	(_pulse + 6)
                                           ;	.line	316; main.c	pulse[3]+=20;
00018a   5168     movf    0x68, 0x0, 0x1   	MOVF	(_pulse + 6), W, B
00018c   0f14     addlw   0x14             	ADDLW	0x14
00018e   6e01     movwf   0x01, 0x0        	MOVWF	r0x01
000190   0e00     movlw   0x00             	MOVLW	0x00
000192   0100     movlb   0x0              	BANKSEL	(_pulse + 7)
000194   2169     addwfc  0x69, 0x0, 0x1   	ADDWFC	(_pulse + 7), W, B
000196   6e02     movwf   0x02, 0x0        	MOVWF	r0x02
000198   5001     movf    0x01, 0x0, 0x0   	MOVF	r0x01, W
00019a   0100     movlb   0x0              	BANKSEL	(_pulse + 6)
00019c   6f68     movwf   0x68, 0x1        	MOVWF	(_pulse + 6), B
00019e   5002     movf    0x02, 0x0, 0x0   	MOVF	r0x02, W
0001a0   0100     movlb   0x0              	BANKSEL	(_pulse + 7)
0001a2   6f69     movwf   0x69, 0x1        	MOVWF	(_pulse + 7), B
                                           _00190_DS_:
                                           ;	.line	320; main.c	if (ch == 'j')
0001a4   5000     movf    0x00, 0x0, 0x0   	MOVF	r0x00, W
0001a6   0a6a     xorlw   0x6a             	XORLW	0x6a
0001a8   e10e     bnz     0x0001c6         	BNZ	_00199_DS_
                                           _00290_DS_:
0001aa   0100     movlb   0x0              	BANKSEL	(_pulse + 8)
                                           ;	.line	324; main.c	pulse[4]+=20;
0001ac   516a     movf    0x6a, 0x0, 0x1   	MOVF	(_pulse + 8), W, B
0001ae   0f14     addlw   0x14             	ADDLW	0x14
0001b0   6e00     movwf   0x00, 0x0        	MOVWF	r0x00
0001b2   0e00     movlw   0x00             	MOVLW	0x00
0001b4   0100     movlb   0x0              	BANKSEL	(_pulse + 9)
0001b6   216b     addwfc  0x6b, 0x0, 0x1   	ADDWFC	(_pulse + 9), W, B
0001b8   6e01     movwf   0x01, 0x0        	MOVWF	r0x01
0001ba   5000     movf    0x00, 0x0, 0x0   	MOVF	r0x00, W
0001bc   0100     movlb   0x0              	BANKSEL	(_pulse + 8)
0001be   6f6a     movwf   0x6a, 0x1        	MOVWF	(_pulse + 8), B
0001c0   5001     movf    0x01, 0x0, 0x0   	MOVF	r0x01, W
0001c2   0100     movlb   0x0              	BANKSEL	(_pulse + 9)
0001c4   6f6b     movwf   0x6b, 0x1        	MOVWF	(_pulse + 9), B
                                           _00199_DS_:
0001c6   cfe4     movff   0xfe4, 0x002     	MOVFF	PREINC1, r0x02
0001c8   f002
0001ca   cfe4     movff   0xfe4, 0x001     	MOVFF	PREINC1, r0x01
0001cc   f001
0001ce   cfe4     movff   0xfe4, 0x000     	MOVFF	PREINC1, r0x00
0001d0   f000
0001d2   cfe4     movff   0xfe4, 0xfd9     	MOVFF	PREINC1, FSR2L
0001d4   ffd9
0001d6   0012     return  0x0              	RETURN	
                                           
                                           ; ; Starting pCode block
                                           S_main__setup_UART	code
                                           _setup_UART:
                                           ;	.line	214; main.c	void setup_UART (unsigned int brgh, unsigned int spbrg)
0005e0   cfd9     movff   0xfd9, 0xfe5     	MOVFF	FSR2L, POSTDEC1
0005e2   ffe5
0005e4   cfe1     movff   0xfe1, 0xfd9     	MOVFF	FSR1L, FSR2L
0005e6   ffd9
0005e8   c000     movff   0x000, 0xfe5     	MOVFF	r0x00, POSTDEC1
0005ea   ffe5
0005ec   c001     movff   0x001, 0xfe5     	MOVFF	r0x01, POSTDEC1
0005ee   ffe5
0005f0   c002     movff   0x002, 0xfe5     	MOVFF	r0x02, POSTDEC1
0005f2   ffe5
0005f4   c003     movff   0x003, 0xfe5     	MOVFF	r0x03, POSTDEC1
0005f6   ffe5
0005f8   0e02     movlw   0x02             	MOVLW	0x02
0005fa   cfdb     movff   0xfdb, 0x000     	MOVFF	PLUSW2, r0x00
0005fc   f000
0005fe   0e03     movlw   0x03             	MOVLW	0x03
000600   cfdb     movff   0xfdb, 0x001     	MOVFF	PLUSW2, r0x01
000602   f001
000604   0e04     movlw   0x04             	MOVLW	0x04
000606   cfdb     movff   0xfdb, 0x002     	MOVFF	PLUSW2, r0x02
000608   f002
00060a   0e05     movlw   0x05             	MOVLW	0x05
00060c   cfdb     movff   0xfdb, 0x003     	MOVFF	PLUSW2, r0x03
00060e   f003
                                           ;	.line	216; main.c	TRISCbits.TRISC6 = 0; 	//TX
000610   9c94     bcf     0x94, 0x6, 0x0   	BCF	_TRISCbits, 6
                                           ;	.line	217; main.c	TRISCbits.TRISC7 = 1; 	//RX
000612   8e94     bsf     0x94, 0x7, 0x0   	BSF	_TRISCbits, 7
                                           ;	.line	221; main.c	TXSTA = 0x00;		//reiniciar el estado de TX
000614   6aac     clrf    0xac, 0x0        	CLRF	_TXSTA
                                           ;	.line	222; main.c	TXSTAbits.SYNC = 0; //trabajar asíncronamente
000616   98ac     bcf     0xac, 0x4, 0x0   	BCF	_TXSTAbits, 4
                                           ;	.line	223; main.c	TXSTAbits.TXEN = 1;	//habilitar TX para enviar
000618   8aac     bsf     0xac, 0x5, 0x0   	BSF	_TXSTAbits, 5
                                           ;	.line	224; main.c	TXSTAbits.TRMT = 1;	//limpiado del registro de envio
00061a   82ac     bsf     0xac, 0x1, 0x0   	BSF	_TXSTAbits, 1
                                           ;	.line	228; main.c	RCSTA = 0x00;		//reiniciar el estado de RX
00061c   6aab     clrf    0xab, 0x0        	CLRF	_RCSTA
                                           ;	.line	229; main.c	RCSTAbits.SPEN = 1;	//habilitar el puerto serial
00061e   8eab     bsf     0xab, 0x7, 0x0   	BSF	_RCSTAbits, 7
                                           ;	.line	230; main.c	RCSTAbits.CREN = 1;	//habilitar RX para recibir
000620   88ab     bsf     0xab, 0x4, 0x0   	BSF	_RCSTAbits, 4
                                           ;	.line	233; main.c	TXSTAbits.BRGH = brgh;
000622   5000     movf    0x00, 0x0, 0x0   	MOVF	r0x00, W
000624   0b01     andlw   0x01             	ANDLW	0x01
000626   44e8     rlncf   0xe8, 0x0, 0x0   	RLNCF	WREG, W
000628   44e8     rlncf   0xe8, 0x0, 0x0   	RLNCF	WREG, W
00062a   6ef4     movwf   0xf4, 0x0        	MOVWF	PRODH
00062c   50ac     movf    0xac, 0x0, 0x0   	MOVF	_TXSTAbits, W
00062e   0bfb     andlw   0xfb             	ANDLW	0xfb
000630   10f4     iorwf   0xf4, 0x0, 0x0   	IORWF	PRODH, W
000632   6eac     movwf   0xac, 0x0        	MOVWF	_TXSTAbits
                                           ;	.line	234; main.c	SPBRG = spbrg;
000634   5002     movf    0x02, 0x0, 0x0   	MOVF	r0x02, W
000636   6eaf     movwf   0xaf, 0x0        	MOVWF	_SPBRG
000638   cfe4     movff   0xfe4, 0x003     	MOVFF	PREINC1, r0x03
00063a   f003
00063c   cfe4     movff   0xfe4, 0x002     	MOVFF	PREINC1, r0x02
00063e   f002
000640   cfe4     movff   0xfe4, 0x001     	MOVFF	PREINC1, r0x01
000642   f001
000644   cfe4     movff   0xfe4, 0x000     	MOVFF	PREINC1, r0x00
000646   f000
000648   cfe4     movff   0xfe4, 0xfd9     	MOVFF	PREINC1, FSR2L
00064a   ffd9
00064c   0012     return  0x0              	RETURN	
                                           
                                           ; ; Starting pCode block
                                           S_main__getch	code
                                           _getch:
                                           ;	.line	204; main.c	unsigned char getch (void)
00064e   cfd9     movff   0xfd9, 0xfe5     	MOVFF	FSR2L, POSTDEC1
000650   ffe5
000652   cfe1     movff   0xfe1, 0xfd9     	MOVFF	FSR1L, FSR2L
000654   ffd9
000656   c000     movff   0x000, 0xfe5     	MOVFF	r0x00, POSTDEC1
000658   ffe5
00065a   c001     movff   0x001, 0xfe5     	MOVFF	r0x01, POSTDEC1
00065c   ffe5
00065e   0100     movlb   0x0              	BANKSEL	(_rx_read + 1)
                                           ;	.line	206; main.c	char ch = rx_buf[rx_read];
000660   5175     movf    0x75, 0x0, 0x1   	MOVF	(_rx_read + 1), W, B
000662   6ee5     movwf   0xe5, 0x0        	MOVWF	POSTDEC1
000664   0100     movlb   0x0              	BANKSEL	_rx_read
000666   5174     movf    0x74, 0x0, 0x1   	MOVF	_rx_read, W, B
000668   6ee5     movwf   0xe5, 0x0        	MOVWF	POSTDEC1
00066a   0e00     movlw   0x00             	MOVLW	0x00
00066c   6ee5     movwf   0xe5, 0x0        	MOVWF	POSTDEC1
00066e   0e02     movlw   0x02             	MOVLW	0x02
000670   6ee5     movwf   0xe5, 0x0        	MOVWF	POSTDEC1
000672   ec4d     call    0x00029a, 0x0call    0x00029a, 0x0 	CALL	__mulint
000674   f001
000676   6e00     movwf   0x00, 0x0        	MOVWF	r0x00
000678   cff3     movff   0xff3, 0x001     	MOVFF	PRODL, r0x01
00067a   f001
00067c   0e04     movlw   0x04             	MOVLW	0x04
00067e   26e1     addwf   0xe1, 0x1, 0x0   	ADDWF	FSR1L, F
000680   0e00     movlw   0x00             	MOVLW	LOW(_rx_buf)
000682   2600     addwf   0x00, 0x1, 0x0   	ADDWF	r0x00, F
000684   0e07     movlw   0x07             	MOVLW	HIGH(_rx_buf)
000686   2201     addwfc  0x01, 0x1, 0x0   	ADDWFC	r0x01, F
000688   c000     movff   0x000, 0xfe9     	MOVFF	r0x00, FSR0L
00068a   ffe9
00068c   c001     movff   0x001, 0xfea     	MOVFF	r0x01, FSR0H
00068e   ffea
000690   cfee     movff   0xfee, 0x000     	MOVFF	POSTINC0, r0x00
000692   f000
000694   cfef     movff   0xfef, 0x001     	MOVFF	INDF0, r0x01
000696   f001
000698   0100     movlb   0x0              	BANKSEL	_rx_read
                                           ;	.line	207; main.c	inc(rx_read);
00069a   3f74     incfsz  0x74, 0x1, 0x1   	INCFSZ	_rx_read, F, B
00069c   d002     bra     0x0006a2         	BRA	_10295_DS_
00069e   0100     movlb   0x0              	BANKSEL	(_rx_read + 1)
0006a0   2b75     incf    0x75, 0x1, 0x1   	INCF	(_rx_read + 1), F, B
                                           _10295_DS_:
0006a2   0100     movlb   0x0              	BANKSEL	_rx_read
0006a4   9f74     bcf     0x74, 0x7, 0x1   	BCF	_rx_read, 7, B
0006a6   0100     movlb   0x0              	BANKSEL	(_rx_read + 1)
0006a8   6b75     clrf    0x75, 0x1        	CLRF	(_rx_read + 1), B
                                           ;	.line	208; main.c	return ch;
0006aa   5000     movf    0x00, 0x0, 0x0   	MOVF	r0x00, W
0006ac   cfe4     movff   0xfe4, 0x001     	MOVFF	PREINC1, r0x01
0006ae   f001
0006b0   cfe4     movff   0xfe4, 0x000     	MOVFF	PREINC1, r0x00
0006b2   f000
0006b4   cfe4     movff   0xfe4, 0xfd9     	MOVFF	PREINC1, FSR2L
0006b6   ffd9
0006b8   0012     return  0x0              	RETURN	
                                           
                                           ; ; Starting pCode block
                                           S_main__puts	code
                                           _puts:
                                           ;	.line	191; main.c	void puts (const unsigned char ch[])
0001d8   cfd9     movff   0xfd9, 0xfe5     	MOVFF	FSR2L, POSTDEC1
0001da   ffe5
0001dc   cfe1     movff   0xfe1, 0xfd9     	MOVFF	FSR1L, FSR2L
0001de   ffd9
0001e0   c000     movff   0x000, 0xfe5     	MOVFF	r0x00, POSTDEC1
0001e2   ffe5
0001e4   c001     movff   0x001, 0xfe5     	MOVFF	r0x01, POSTDEC1
0001e6   ffe5
0001e8   c002     movff   0x002, 0xfe5     	MOVFF	r0x02, POSTDEC1
0001ea   ffe5
0001ec   c003     movff   0x003, 0xfe5     	MOVFF	r0x03, POSTDEC1
0001ee   ffe5
0001f0   c004     movff   0x004, 0xfe5     	MOVFF	r0x04, POSTDEC1
0001f2   ffe5
0001f4   c005     movff   0x005, 0xfe5     	MOVFF	r0x05, POSTDEC1
0001f6   ffe5
0001f8   c006     movff   0x006, 0xfe5     	MOVFF	r0x06, POSTDEC1
0001fa   ffe5
0001fc   c007     movff   0x007, 0xfe5     	MOVFF	r0x07, POSTDEC1
0001fe   ffe5
000200   0e02     movlw   0x02             	MOVLW	0x02
000202   cfdb     movff   0xfdb, 0x000     	MOVFF	PLUSW2, r0x00
000204   f000
000206   0e03     movlw   0x03             	MOVLW	0x03
000208   cfdb     movff   0xfdb, 0x001     	MOVFF	PLUSW2, r0x01
00020a   f001
00020c   0e04     movlw   0x04             	MOVLW	0x04
00020e   cfdb     movff   0xfdb, 0x002     	MOVFF	PLUSW2, r0x02
000210   f002
                                           ;	.line	194; main.c	do 
000212   6a03     clrf    0x03, 0x0        	CLRF	r0x03
000214   6a04     clrf    0x04, 0x0        	CLRF	r0x04
                                           _00149_DS_:
                                           ;	.line	196; main.c	_putc (ch[i]);
000216   5003     movf    0x03, 0x0, 0x0   	MOVF	r0x03, W
000218   2400     addwf   0x00, 0x0, 0x0   	ADDWF	r0x00, W
00021a   6e05     movwf   0x05, 0x0        	MOVWF	r0x05
00021c   5004     movf    0x04, 0x0, 0x0   	MOVF	r0x04, W
00021e   2001     addwfc  0x01, 0x0, 0x0   	ADDWFC	r0x01, W
000220   6e06     movwf   0x06, 0x0        	MOVWF	r0x06
000222   6ae8     clrf    0xe8, 0x0        	CLRF	WREG
000224   be04     btfsc   0x04, 0x7, 0x0   	BTFSC	r0x04, 7
000226   68e8     setf    0xe8, 0x0        	SETF	WREG
000228   2002     addwfc  0x02, 0x0, 0x0   	ADDWFC	r0x02, W
00022a   6e07     movwf   0x07, 0x0        	MOVWF	r0x07
00022c   c005     movff   0x005, 0xfe9     	MOVFF	r0x05, FSR0L
00022e   ffe9
000230   c006     movff   0x006, 0xff3     	MOVFF	r0x06, PRODL
000232   fff3
000234   5007     movf    0x07, 0x0, 0x0   	MOVF	r0x07, W
000236   ec8a     call    0x000714, 0x0call    0x000714, 0x0 	CALL	__gptrget1
000238   f003
00023a   6e05     movwf   0x05, 0x0        	MOVWF	r0x05
00023c   5005     movf    0x05, 0x0, 0x0   	MOVF	r0x05, W
00023e   6ee5     movwf   0xe5, 0x0        	MOVWF	POSTDEC1
000240   ec31     call    0x000462, 0x0call    0x000462, 0x0 	CALL	__putc
000242   f002
000244   52e6     movf    0xe6, 0x1, 0x0   	MOVF	POSTINC1, F
                                           ;	.line	197; main.c	i++;
000246   4a03     infsnz  0x03, 0x1, 0x0   	INFSNZ	r0x03, F
000248   2a04     incf    0x04, 0x1, 0x0   	INCF	r0x04, F
                                           ;	.line	199; main.c	while (ch[i] != '\0');
00024a   5003     movf    0x03, 0x0, 0x0   	MOVF	r0x03, W
00024c   2400     addwf   0x00, 0x0, 0x0   	ADDWF	r0x00, W
00024e   6e05     movwf   0x05, 0x0        	MOVWF	r0x05
000250   5004     movf    0x04, 0x0, 0x0   	MOVF	r0x04, W
000252   2001     addwfc  0x01, 0x0, 0x0   	ADDWFC	r0x01, W
000254   6e06     movwf   0x06, 0x0        	MOVWF	r0x06
000256   6ae8     clrf    0xe8, 0x0        	CLRF	WREG
000258   be04     btfsc   0x04, 0x7, 0x0   	BTFSC	r0x04, 7
00025a   68e8     setf    0xe8, 0x0        	SETF	WREG
00025c   2002     addwfc  0x02, 0x0, 0x0   	ADDWFC	r0x02, W
00025e   6e07     movwf   0x07, 0x0        	MOVWF	r0x07
000260   c005     movff   0x005, 0xfe9     	MOVFF	r0x05, FSR0L
000262   ffe9
000264   c006     movff   0x006, 0xff3     	MOVFF	r0x06, PRODL
000266   fff3
000268   5007     movf    0x07, 0x0, 0x0   	MOVF	r0x07, W
00026a   ec8a     call    0x000714, 0x0call    0x000714, 0x0 	CALL	__gptrget1
00026c   f003
00026e   6e05     movwf   0x05, 0x0        	MOVWF	r0x05
000270   5005     movf    0x05, 0x0, 0x0   	MOVF	r0x05, W
000272   e1d1     bnz     0x000216         	BNZ	_00149_DS_
000274   cfe4     movff   0xfe4, 0x007     	MOVFF	PREINC1, r0x07
000276   f007
000278   cfe4     movff   0xfe4, 0x006     	MOVFF	PREINC1, r0x06
00027a   f006
00027c   cfe4     movff   0xfe4, 0x005     	MOVFF	PREINC1, r0x05
00027e   f005
000280   cfe4     movff   0xfe4, 0x004     	MOVFF	PREINC1, r0x04
000282   f004
000284   cfe4     movff   0xfe4, 0x003     	MOVFF	PREINC1, r0x03
000286   f003
000288   cfe4     movff   0xfe4, 0x002     	MOVFF	PREINC1, r0x02
00028a   f002
00028c   cfe4     movff   0xfe4, 0x001     	MOVFF	PREINC1, r0x01
00028e   f001
000290   cfe4     movff   0xfe4, 0x000     	MOVFF	PREINC1, r0x00
000292   f000
000294   cfe4     movff   0xfe4, 0xfd9     	MOVFF	PREINC1, FSR2L
000296   ffd9
000298   0012     return  0x0              	RETURN	
                                           
                                           ; ; Starting pCode block
                                           S_main___putc	code
                                           __putc:
                                           ;	.line	182; main.c	void _putc (unsigned char ch)
000462   cfd9     movff   0xfd9, 0xfe5     	MOVFF	FSR2L, POSTDEC1
000464   ffe5
000466   cfe1     movff   0xfe1, 0xfd9     	MOVFF	FSR1L, FSR2L
000468   ffd9
00046a   c000     movff   0x000, 0xfe5     	MOVFF	r0x00, POSTDEC1
00046c   ffe5
00046e   c001     movff   0x001, 0xfe5     	MOVFF	r0x01, POSTDEC1
000470   ffe5
000472   c002     movff   0x002, 0xfe5     	MOVFF	r0x02, POSTDEC1
000474   ffe5
000476   c003     movff   0x003, 0xfe5     	MOVFF	r0x03, POSTDEC1
000478   ffe5
00047a   0e02     movlw   0x02             	MOVLW	0x02
00047c   cfdb     movff   0xfdb, 0x000     	MOVFF	PLUSW2, r0x00
00047e   f000
000480   0100     movlb   0x0              	BANKSEL	(_tx_next + 1)
                                           ;	.line	184; main.c	tx_buf[tx_next]=ch;
000482   516f     movf    0x6f, 0x0, 0x1   	MOVF	(_tx_next + 1), W, B
000484   6ee5     movwf   0xe5, 0x0        	MOVWF	POSTDEC1
000486   0100     movlb   0x0              	BANKSEL	_tx_next
000488   516e     movf    0x6e, 0x0, 0x1   	MOVF	_tx_next, W, B
00048a   6ee5     movwf   0xe5, 0x0        	MOVWF	POSTDEC1
00048c   0e00     movlw   0x00             	MOVLW	0x00
00048e   6ee5     movwf   0xe5, 0x0        	MOVWF	POSTDEC1
000490   0e02     movlw   0x02             	MOVLW	0x02
000492   6ee5     movwf   0xe5, 0x0        	MOVWF	POSTDEC1
000494   ec4d     call    0x00029a, 0x0call    0x00029a, 0x0 	CALL	__mulint
000496   f001
000498   6e01     movwf   0x01, 0x0        	MOVWF	r0x01
00049a   cff3     movff   0xff3, 0x002     	MOVFF	PRODL, r0x02
00049c   f002
00049e   0e04     movlw   0x04             	MOVLW	0x04
0004a0   26e1     addwf   0xe1, 0x1, 0x0   	ADDWF	FSR1L, F
0004a2   0e00     movlw   0x00             	MOVLW	LOW(_tx_buf)
0004a4   2601     addwf   0x01, 0x1, 0x0   	ADDWF	r0x01, F
0004a6   0e01     movlw   0x01             	MOVLW	HIGH(_tx_buf)
0004a8   2202     addwfc  0x02, 0x1, 0x0   	ADDWFC	r0x02, F
0004aa   6a03     clrf    0x03, 0x0        	CLRF	r0x03
0004ac   c001     movff   0x001, 0xfe9     	MOVFF	r0x01, FSR0L
0004ae   ffe9
0004b0   c002     movff   0x002, 0xfea     	MOVFF	r0x02, FSR0H
0004b2   ffea
0004b4   c000     movff   0x000, 0xfee     	MOVFF	r0x00, POSTINC0
0004b6   ffee
0004b8   c003     movff   0x003, 0xfef     	MOVFF	r0x03, INDF0
0004ba   ffef
0004bc   0100     movlb   0x0              	BANKSEL	_tx_next
                                           ;	.line	185; main.c	inc(tx_next);
0004be   3f6e     incfsz  0x6e, 0x1, 0x1   	INCFSZ	_tx_next, F, B
0004c0   d002     bra     0x0004c6         	BRA	_20296_DS_
0004c2   0100     movlb   0x0              	BANKSEL	(_tx_next + 1)
0004c4   2b6f     incf    0x6f, 0x1, 0x1   	INCF	(_tx_next + 1), F, B
                                           _20296_DS_:
0004c6   0100     movlb   0x0              	BANKSEL	_tx_next
0004c8   9f6e     bcf     0x6e, 0x7, 0x1   	BCF	_tx_next, 7, B
0004ca   0100     movlb   0x0              	BANKSEL	(_tx_next + 1)
0004cc   6b6f     clrf    0x6f, 0x1        	CLRF	(_tx_next + 1), B
                                           ;	.line	186; main.c	enable_TX_int;
0004ce   889d     bsf     0x9d, 0x4, 0x0   	BSF	_PIE1bits, 4
0004d0   cfe4     movff   0xfe4, 0x003     	MOVFF	PREINC1, r0x03
0004d2   f003
0004d4   cfe4     movff   0xfe4, 0x002     	MOVFF	PREINC1, r0x02
0004d6   f002
0004d8   cfe4     movff   0xfe4, 0x001     	MOVFF	PREINC1, r0x01
0004da   f001
0004dc   cfe4     movff   0xfe4, 0x000     	MOVFF	PREINC1, r0x00
0004de   f000
0004e0   cfe4     movff   0xfe4, 0xfd9     	MOVFF	PREINC1, FSR2L
0004e2   ffd9
0004e4   0012     return  0x0              	RETURN	
                                           
                                           ; ; Starting pCode block
                                           S_main__TX_isr	code
                                           _TX_isr:
                                           ;	.line	165; main.c	void TX_isr (void)
0003d8   cfd9     movff   0xfd9, 0xfe5     	MOVFF	FSR2L, POSTDEC1
0003da   ffe5
0003dc   cfe1     movff   0xfe1, 0xfd9     	MOVFF	FSR1L, FSR2L
0003de   ffd9
0003e0   c000     movff   0x000, 0xfe5     	MOVFF	r0x00, POSTDEC1
0003e2   ffe5
0003e4   c001     movff   0x001, 0xfe5     	MOVFF	r0x01, POSTDEC1
0003e6   ffe5
0003e8   0100     movlb   0x0              	BANKSEL	_tx_send
                                           ;	.line	167; main.c	if (tx_send==tx_next)
0003ea   5170     movf    0x70, 0x0, 0x1   	MOVF	_tx_send, W, B
0003ec   0100     movlb   0x0              	BANKSEL	_tx_next
0003ee   196e     xorwf   0x6e, 0x0, 0x1   	XORWF	_tx_next, W, B
0003f0   e105     bnz     0x0003fc         	BNZ	_00138_DS_
0003f2   0100     movlb   0x0              	BANKSEL	(_tx_send + 1)
0003f4   5171     movf    0x71, 0x0, 0x1   	MOVF	(_tx_send + 1), W, B
0003f6   0100     movlb   0x0              	BANKSEL	(_tx_next + 1)
0003f8   196f     xorwf   0x6f, 0x0, 0x1   	XORWF	(_tx_next + 1), W, B
0003fa   e001     bz      0x0003fe         	BZ	_00139_DS_
                                           _00138_DS_:
0003fc   d002     bra     0x000402         	BRA	_00131_DS_
                                           _00139_DS_:
                                           ;	.line	169; main.c	disable_TX_int;
0003fe   989d     bcf     0x9d, 0x4, 0x0   	BCF	_PIE1bits, 4
000400   d028     bra     0x000452         	BRA	_00132_DS_
                                           _00131_DS_:
000402   0100     movlb   0x0              	BANKSEL	(_tx_send + 1)
                                           ;	.line	173; main.c	TXREG = tx_buf[tx_send];
000404   5171     movf    0x71, 0x0, 0x1   	MOVF	(_tx_send + 1), W, B
000406   6ee5     movwf   0xe5, 0x0        	MOVWF	POSTDEC1
000408   0100     movlb   0x0              	BANKSEL	_tx_send
00040a   5170     movf    0x70, 0x0, 0x1   	MOVF	_tx_send, W, B
00040c   6ee5     movwf   0xe5, 0x0        	MOVWF	POSTDEC1
00040e   0e00     movlw   0x00             	MOVLW	0x00
000410   6ee5     movwf   0xe5, 0x0        	MOVWF	POSTDEC1
000412   0e02     movlw   0x02             	MOVLW	0x02
000414   6ee5     movwf   0xe5, 0x0        	MOVWF	POSTDEC1
000416   ec4d     call    0x00029a, 0x0call    0x00029a, 0x0 	CALL	__mulint
000418   f001
00041a   6e00     movwf   0x00, 0x0        	MOVWF	r0x00
00041c   cff3     movff   0xff3, 0x001     	MOVFF	PRODL, r0x01
00041e   f001
000420   0e04     movlw   0x04             	MOVLW	0x04
000422   26e1     addwf   0xe1, 0x1, 0x0   	ADDWF	FSR1L, F
000424   0e00     movlw   0x00             	MOVLW	LOW(_tx_buf)
000426   2600     addwf   0x00, 0x1, 0x0   	ADDWF	r0x00, F
000428   0e01     movlw   0x01             	MOVLW	HIGH(_tx_buf)
00042a   2201     addwfc  0x01, 0x1, 0x0   	ADDWFC	r0x01, F
00042c   c000     movff   0x000, 0xfe9     	MOVFF	r0x00, FSR0L
00042e   ffe9
000430   c001     movff   0x001, 0xfea     	MOVFF	r0x01, FSR0H
000432   ffea
000434   cfee     movff   0xfee, 0x000     	MOVFF	POSTINC0, r0x00
000436   f000
000438   cfef     movff   0xfef, 0x001     	MOVFF	INDF0, r0x01
00043a   f001
00043c   5000     movf    0x00, 0x0, 0x0   	MOVF	r0x00, W
00043e   6ead     movwf   0xad, 0x0        	MOVWF	_TXREG
000440   0100     movlb   0x0              	BANKSEL	_tx_send
                                           ;	.line	174; main.c	inc(tx_send);
000442   3f70     incfsz  0x70, 0x1, 0x1   	INCFSZ	_tx_send, F, B
000444   d002     bra     0x00044a         	BRA	_30297_DS_
000446   0100     movlb   0x0              	BANKSEL	(_tx_send + 1)
000448   2b71     incf    0x71, 0x1, 0x1   	INCF	(_tx_send + 1), F, B
                                           _30297_DS_:
00044a   0100     movlb   0x0              	BANKSEL	_tx_send
00044c   9f70     bcf     0x70, 0x7, 0x1   	BCF	_tx_send, 7, B
00044e   0100     movlb   0x0              	BANKSEL	(_tx_send + 1)
000450   6b71     clrf    0x71, 0x1        	CLRF	(_tx_send + 1), B
                                           _00132_DS_:
                                           ;	.line	176; main.c	TX_flag = 0;
000452   989e     bcf     0x9e, 0x4, 0x0   	BCF	_PIR1bits, 4
000454   cfe4     movff   0xfe4, 0x001     	MOVFF	PREINC1, r0x01
000456   f001
000458   cfe4     movff   0xfe4, 0x000     	MOVFF	PREINC1, r0x00
00045a   f000
00045c   cfe4     movff   0xfe4, 0xfd9     	MOVFF	PREINC1, FSR2L
00045e   ffd9
000460   0012     return  0x0              	RETURN	
                                           
                                           ; ; Starting pCode block
                                           S_main__RX_isr	code
                                           _RX_isr:
                                           ;	.line	155; main.c	void RX_isr (void) 
0004e6   cfd9     movff   0xfd9, 0xfe5     	MOVFF	FSR2L, POSTDEC1
0004e8   ffe5
0004ea   cfe1     movff   0xfe1, 0xfd9     	MOVFF	FSR1L, FSR2L
0004ec   ffd9
0004ee   c000     movff   0x000, 0xfe5     	MOVFF	r0x00, POSTDEC1
0004f0   ffe5
0004f2   c001     movff   0x001, 0xfe5     	MOVFF	r0x01, POSTDEC1
0004f4   ffe5
0004f6   c002     movff   0x002, 0xfe5     	MOVFF	r0x02, POSTDEC1
0004f8   ffe5
0004fa   c003     movff   0x003, 0xfe5     	MOVFF	r0x03, POSTDEC1
0004fc   ffe5
0004fe   0100     movlb   0x0              	BANKSEL	(_rx_next + 1)
                                           ;	.line	157; main.c	rx_buf[rx_next] = RCREG;
000500   5173     movf    0x73, 0x0, 0x1   	MOVF	(_rx_next + 1), W, B
000502   6ee5     movwf   0xe5, 0x0        	MOVWF	POSTDEC1
000504   0100     movlb   0x0              	BANKSEL	_rx_next
000506   5172     movf    0x72, 0x0, 0x1   	MOVF	_rx_next, W, B
000508   6ee5     movwf   0xe5, 0x0        	MOVWF	POSTDEC1
00050a   0e00     movlw   0x00             	MOVLW	0x00
00050c   6ee5     movwf   0xe5, 0x0        	MOVWF	POSTDEC1
00050e   0e02     movlw   0x02             	MOVLW	0x02
000510   6ee5     movwf   0xe5, 0x0        	MOVWF	POSTDEC1
000512   ec4d     call    0x00029a, 0x0call    0x00029a, 0x0 	CALL	__mulint
000514   f001
000516   6e00     movwf   0x00, 0x0        	MOVWF	r0x00
000518   cff3     movff   0xff3, 0x001     	MOVFF	PRODL, r0x01
00051a   f001
00051c   0e04     movlw   0x04             	MOVLW	0x04
00051e   26e1     addwf   0xe1, 0x1, 0x0   	ADDWF	FSR1L, F
000520   0e00     movlw   0x00             	MOVLW	LOW(_rx_buf)
000522   2600     addwf   0x00, 0x1, 0x0   	ADDWF	r0x00, F
000524   0e07     movlw   0x07             	MOVLW	HIGH(_rx_buf)
000526   2201     addwfc  0x01, 0x1, 0x0   	ADDWFC	r0x01, F
000528   cfae     movff   0xfae, 0x002     	MOVFF	_RCREG, r0x02
00052a   f002
00052c   6a03     clrf    0x03, 0x0        	CLRF	r0x03
00052e   c000     movff   0x000, 0xfe9     	MOVFF	r0x00, FSR0L
000530   ffe9
000532   c001     movff   0x001, 0xfea     	MOVFF	r0x01, FSR0H
000534   ffea
000536   c002     movff   0x002, 0xfee     	MOVFF	r0x02, POSTINC0
000538   ffee
00053a   c003     movff   0x003, 0xfef     	MOVFF	r0x03, INDF0
00053c   ffef
00053e   0100     movlb   0x0              	BANKSEL	_rx_next
                                           ;	.line	158; main.c	inc(rx_next);
000540   3f72     incfsz  0x72, 0x1, 0x1   	INCFSZ	_rx_next, F, B
000542   d002     bra     0x000548         	BRA	_40298_DS_
000544   0100     movlb   0x0              	BANKSEL	(_rx_next + 1)
000546   2b73     incf    0x73, 0x1, 0x1   	INCF	(_rx_next + 1), F, B
                                           _40298_DS_:
000548   0100     movlb   0x0              	BANKSEL	_rx_next
00054a   9f72     bcf     0x72, 0x7, 0x1   	BCF	_rx_next, 7, B
00054c   0100     movlb   0x0              	BANKSEL	(_rx_next + 1)
00054e   6b73     clrf    0x73, 0x1        	CLRF	(_rx_next + 1), B
                                           ;	.line	160; main.c	RX_flag = 0;
000550   9a9e     bcf     0x9e, 0x5, 0x0   	BCF	_PIR1bits, 5
000552   cfe4     movff   0xfe4, 0x003     	MOVFF	PREINC1, r0x03
000554   f003
000556   cfe4     movff   0xfe4, 0x002     	MOVFF	PREINC1, r0x02
000558   f002
00055a   cfe4     movff   0xfe4, 0x001     	MOVFF	PREINC1, r0x01
00055c   f001
00055e   cfe4     movff   0xfe4, 0x000     	MOVFF	PREINC1, r0x00
000560   f000
000562   cfe4     movff   0xfe4, 0xfd9     	MOVFF	PREINC1, FSR2L
000564   ffd9
000566   0012     return  0x0              	RETURN	
                                           
                                           ; ; Starting pCode block
                                           S_main__TMR0_isr	code
                                           _TMR0_isr:
                                           ;	.line	107; main.c	void TMR0_isr (void)
000568   cfd9     movff   0xfd9, 0xfe5     	MOVFF	FSR2L, POSTDEC1
00056a   ffe5
00056c   cfe1     movff   0xfe1, 0xfd9     	MOVFF	FSR1L, FSR2L
00056e   ffd9
000570   c000     movff   0x000, 0xfe5     	MOVFF	r0x00, POSTDEC1
000572   ffe5
000574   c001     movff   0x001, 0xfe5     	MOVFF	r0x01, POSTDEC1
000576   ffe5
                                           ;	.line	109; main.c	TMR0_ini = 53536;
000578   0e20     movlw   0x20             	MOVLW	0x20
00057a   0100     movlb   0x0              	BANKSEL	_TMR0_ini
00057c   6f77     movwf   0x77, 0x1        	MOVWF	_TMR0_ini, B
00057e   0ed1     movlw   0xd1             	MOVLW	0xd1
000580   0100     movlb   0x0              	BANKSEL	(_TMR0_ini + 1)
000582   6f78     movwf   0x78, 0x1        	MOVWF	(_TMR0_ini + 1), B
000584   0100     movlb   0x0              	BANKSEL	_milisec
                                           ;	.line	110; main.c	if (milisec == 1000){SERVO_0 = 1 - SERVO_0; milisec = 0;}
000586   516c     movf    0x6c, 0x0, 0x1   	MOVF	_milisec, W, B
000588   0ae8     xorlw   0xe8             	XORLW	0xe8
00058a   e104     bnz     0x000594         	BNZ	_00119_DS_
00058c   0100     movlb   0x0              	BANKSEL	(_milisec + 1)
00058e   516d     movf    0x6d, 0x0, 0x1   	MOVF	(_milisec + 1), W, B
000590   0a03     xorlw   0x03             	XORLW	0x03
000592   e001     bz      0x000596         	BZ	_00120_DS_
                                           _00119_DS_:
000594   d014     bra     0x0005be         	BRA	_00113_DS_
                                           _00120_DS_:
000596   6a00     clrf    0x00, 0x0        	CLRF	r0x00
000598   b08a     btfsc   0x8a, 0x0, 0x0   	BTFSC	_LATBbits, 0
00059a   2a00     incf    0x00, 0x1, 0x0   	INCF	r0x00, F
00059c   6a01     clrf    0x01, 0x0        	CLRF	r0x01
00059e   5000     movf    0x00, 0x0, 0x0   	MOVF	r0x00, W
0005a0   0801     sublw   0x01             	SUBLW	0x01
0005a2   6e00     movwf   0x00, 0x0        	MOVWF	r0x00
0005a4   0e00     movlw   0x00             	MOVLW	0x00
0005a6   5601     subfwb  0x01, 0x1, 0x0   	SUBFWB	r0x01, F
0005a8   5000     movf    0x00, 0x0, 0x0   	MOVF	r0x00, W
0005aa   0b01     andlw   0x01             	ANDLW	0x01
0005ac   6ef4     movwf   0xf4, 0x0        	MOVWF	PRODH
0005ae   508a     movf    0x8a, 0x0, 0x0   	MOVF	_LATBbits, W
0005b0   0bfe     andlw   0xfe             	ANDLW	0xfe
0005b2   10f4     iorwf   0xf4, 0x0, 0x0   	IORWF	PRODH, W
0005b4   6e8a     movwf   0x8a, 0x0        	MOVWF	_LATBbits
0005b6   0100     movlb   0x0              	BANKSEL	_milisec
0005b8   6b6c     clrf    0x6c, 0x1        	CLRF	_milisec, B
0005ba   0100     movlb   0x0              	BANKSEL	(_milisec + 1)
0005bc   6b6d     clrf    0x6d, 0x1        	CLRF	(_milisec + 1), B
                                           _00113_DS_:
0005be   0100     movlb   0x0              	BANKSEL	_milisec
                                           ;	.line	111; main.c	milisec++;
0005c0   3f6c     incfsz  0x6c, 0x1, 0x1   	INCFSZ	_milisec, F, B
0005c2   d002     bra     0x0005c8         	BRA	_50299_DS_
0005c4   0100     movlb   0x0              	BANKSEL	(_milisec + 1)
0005c6   2b6d     incf    0x6d, 0x1, 0x1   	INCF	(_milisec + 1), F, B
                                           _50299_DS_:
                                           ;	.line	149; main.c	set_TMR0 (TMR0_ini);
0005c8   0ed1     movlw   0xd1             	MOVLW	0xd1
0005ca   6ed7     movwf   0xd7, 0x0        	MOVWF	_TMR0H
0005cc   0e20     movlw   0x20             	MOVLW	0x20
0005ce   6ed6     movwf   0xd6, 0x0        	MOVWF	_TMR0L
                                           ;	.line	150; main.c	TMR0_flag = 0;
0005d0   94f2     bcf     0xf2, 0x2, 0x0   	BCF	_INTCONbits, 2
0005d2   cfe4     movff   0xfe4, 0x001     	MOVFF	PREINC1, r0x01
0005d4   f001
0005d6   cfe4     movff   0xfe4, 0x000     	MOVFF	PREINC1, r0x00
0005d8   f000
0005da   cfe4     movff   0xfe4, 0xfd9     	MOVFF	PREINC1, FSR2L
0005dc   ffd9
0005de   0012     return  0x0              	RETURN	
                                           
                                           ; ; Starting pCode block
                                           S_main__high_ISR	code
                                           _high_ISR:
                                           ;	.line	86; main.c	void high_ISR (void) __interrupt 1
0006ba   cfd8     movff   0xfd8, 0xfe5     	MOVFF	STATUS, POSTDEC1
0006bc   ffe5
0006be   cfe0     movff   0xfe0, 0xfe5     	MOVFF	BSR, POSTDEC1
0006c0   ffe5
0006c2   6ee5     movwf   0xe5, 0x0        	MOVWF	POSTDEC1
0006c4   cff3     movff   0xff3, 0xfe5     	MOVFF	PRODL, POSTDEC1
0006c6   ffe5
0006c8   cff4     movff   0xff4, 0xfe5     	MOVFF	PRODH, POSTDEC1
0006ca   ffe5
0006cc   cfe9     movff   0xfe9, 0xfe5     	MOVFF	FSR0L, POSTDEC1
0006ce   ffe5
0006d0   cfea     movff   0xfea, 0xfe5     	MOVFF	FSR0H, POSTDEC1
0006d2   ffe5
0006d4   cffa     movff   0xffa, 0xfe5     	MOVFF	PCLATH, POSTDEC1
0006d6   ffe5
0006d8   cffb     movff   0xffb, 0xfe5     	MOVFF	PCLATU, POSTDEC1
0006da   ffe5
0006dc   cfd9     movff   0xfd9, 0xfe5     	MOVFF	FSR2L, POSTDEC1
0006de   ffe5
0006e0   cfe1     movff   0xfe1, 0xfd9     	MOVFF	FSR1L, FSR2L
0006e2   ffd9
                                           ;	.line	99; main.c	if (TMR0_flag)
0006e4   a4f2     btfss   0xf2, 0x2, 0x0   	BTFSS	_INTCONbits, 2
0006e6   d002     bra     0x0006ec         	BRA	_00107_DS_
                                           ;	.line	101; main.c	TMR0_isr ();
0006e8   ecb4     call    0x000568, 0x0call    0x000568, 0x0 	CALL	_TMR0_isr
0006ea   f002
                                           _00107_DS_:
0006ec   cfe4     movff   0xfe4, 0xfd9     	MOVFF	PREINC1, FSR2L
0006ee   ffd9
0006f0   cfe4     movff   0xfe4, 0xffb     	MOVFF	PREINC1, PCLATU
0006f2   fffb
0006f4   cfe4     movff   0xfe4, 0xffa     	MOVFF	PREINC1, PCLATH
0006f6   fffa
0006f8   cfe4     movff   0xfe4, 0xfea     	MOVFF	PREINC1, FSR0H
0006fa   ffea
0006fc   cfe4     movff   0xfe4, 0xfe9     	MOVFF	PREINC1, FSR0L
0006fe   ffe9
000700   cfe4     movff   0xfe4, 0xff4     	MOVFF	PREINC1, PRODH
000702   fff4
000704   cfe4     movff   0xfe4, 0xff3     	MOVFF	PREINC1, PRODL
000706   fff3
000708   50e4     movf    0xe4, 0x0, 0x0   	MOVF	PREINC1, W
00070a   cfe4     movff   0xfe4, 0xfe0     	MOVFF	PREINC1, BSR
00070c   ffe0
00070e   cfe4     movff   0xfe4, 0xfd8     	MOVFF	PREINC1, STATUS
000710   ffd8
000712   0010     retfie  0x0              	RETFIE	
                                           
                                           
                                           
                                           ; Statistics:
                                           ; code size:	 1514 (0x05ea) bytes ( 1.16%)
                                           ;           	  757 (0x02f5) words
                                           ; udata size:	  514 (0x0202) bytes (28.68%)
                                           ; access size:	    8 (0x0008) bytes
                                           
                                           
                                           	end
